d:\jordan\documents\cse167\cse167_hw4\release\vc142.pdb
d:\jordan\documents\cse167\cse167_hw4\release\window.obj
d:\jordan\documents\cse167\cse167_hw4\release\transform.obj
d:\jordan\documents\cse167\cse167_hw4\release\track.obj
d:\jordan\documents\cse167\cse167_hw4\release\stb_image.obj
d:\jordan\documents\cse167\cse167_hw4\release\skybox.obj
d:\jordan\documents\cse167\cse167_hw4\release\shader.obj
d:\jordan\documents\cse167\cse167_hw4\release\main.obj
d:\jordan\documents\cse167\cse167_hw4\release\geometry.obj
d:\jordan\documents\cse167\cse167_hw4\release\boundingsphere.obj
d:\jordan\documents\cse167\cse167_hw4\release\beziercurve.obj
d:\jordan\documents\cse167\cse167_hw4\release\line.obj
d:\jordan\documents\cse167\cse167_hw4\release\cse167_hw4.exe
d:\jordan\documents\cse167\cse167_hw4\release\cse167_hw4.pdb
d:\jordan\documents\cse167\cse167_hw4\release\cse167_hw4.tlog\cl.command.1.tlog
d:\jordan\documents\cse167\cse167_hw4\release\cse167_hw4.tlog\cl.read.1.tlog
d:\jordan\documents\cse167\cse167_hw4\release\cse167_hw4.tlog\cl.write.1.tlog
d:\jordan\documents\cse167\cse167_hw4\release\cse167_hw4.tlog\link.command.1.tlog
d:\jordan\documents\cse167\cse167_hw4\release\cse167_hw4.tlog\link.delete.1.tlog
d:\jordan\documents\cse167\cse167_hw4\release\cse167_hw4.tlog\link.read.1.tlog
d:\jordan\documents\cse167\cse167_hw4\release\cse167_hw4.tlog\link.write.1.tlog
