d:\jordan\documents\cse167\cse167-final\debug\vc142.pdb
d:\jordan\documents\cse167\cse167-final\debug\window.obj
d:\jordan\documents\cse167\cse167-final\debug\transform.obj
d:\jordan\documents\cse167\cse167-final\debug\stb_image.obj
d:\jordan\documents\cse167\cse167-final\debug\shader.obj
d:\jordan\documents\cse167\cse167-final\debug\model.obj
d:\jordan\documents\cse167\cse167-final\debug\mesh.obj
d:\jordan\documents\cse167\cse167-final\debug\main.obj
d:\jordan\documents\cse167\cse167-final\debug\geometry.obj
d:\jordan\documents\cse167\cse167-final\debug\final.pdb
d:\jordan\documents\cse167\cse167-final\debug\final.tlog\cl.command.1.tlog
d:\jordan\documents\cse167\cse167-final\debug\final.tlog\cl.read.1.tlog
d:\jordan\documents\cse167\cse167-final\debug\final.tlog\cl.write.1.tlog
d:\jordan\documents\cse167\cse167-final\debug\final.tlog\link-cvtres.read.1.tlog
d:\jordan\documents\cse167\cse167-final\debug\final.tlog\link-cvtres.write.1.tlog
d:\jordan\documents\cse167\cse167-final\debug\final.tlog\link-rc.read.1.tlog
d:\jordan\documents\cse167\cse167-final\debug\final.tlog\link-rc.write.1.tlog
d:\jordan\documents\cse167\cse167-final\debug\final.tlog\link.command.1.tlog
d:\jordan\documents\cse167\cse167-final\debug\final.tlog\link.read.1.tlog
d:\jordan\documents\cse167\cse167-final\debug\final.tlog\link.write.1.tlog
