d:\jordan\documents\cse167\build\tools\assimp_cmd\assimp_cmd.dir\debug\writedumb.obj
d:\jordan\documents\cse167\build\tools\assimp_cmd\assimp_cmd.dir\debug\export.obj
d:\jordan\documents\cse167\build\tools\assimp_cmd\assimp_cmd.dir\debug\comparedump.obj
d:\jordan\documents\cse167\build\tools\assimp_cmd\assimp_cmd.dir\debug\imageextractor.obj
d:\jordan\documents\cse167\build\tools\assimp_cmd\assimp_cmd.dir\debug\main.obj
d:\jordan\documents\cse167\build\tools\assimp_cmd\assimp_cmd.dir\debug\info.obj
d:\jordan\documents\cse167\build\tools\assimp_cmd\assimp_cmd.dir\debug\vc142.pdb
d:\jordan\documents\cse167\build\tools\assimp_cmd\cmakefiles\generate.stamp
d:\jordan\documents\cse167\build\tools\assimp_cmd\debug\assimpd.ilk
d:\jordan\documents\cse167\build\tools\assimp_cmd\debug\assimpd.exe
d:\jordan\documents\cse167\build\tools\assimp_cmd\debug\assimpd.pdb
d:\jordan\documents\cse167\build\tools\assimp_cmd\assimp_cmd.dir\debug\assimp_cmd.res
d:\jordan\documents\cse167\build\tools\assimp_cmd\assimp_cmd.dir\debug\assimp_cmd.tlog\cl.27016.write.1.tlog
d:\jordan\documents\cse167\build\tools\assimp_cmd\assimp_cmd.dir\debug\assimp_cmd.tlog\cl.command.1.tlog
d:\jordan\documents\cse167\build\tools\assimp_cmd\assimp_cmd.dir\debug\assimp_cmd.tlog\cl.read.1.tlog
d:\jordan\documents\cse167\build\tools\assimp_cmd\assimp_cmd.dir\debug\assimp_cmd.tlog\custombuild.command.1.tlog
d:\jordan\documents\cse167\build\tools\assimp_cmd\assimp_cmd.dir\debug\assimp_cmd.tlog\custombuild.read.1.tlog
d:\jordan\documents\cse167\build\tools\assimp_cmd\assimp_cmd.dir\debug\assimp_cmd.tlog\custombuild.write.1.tlog
d:\jordan\documents\cse167\build\tools\assimp_cmd\assimp_cmd.dir\debug\assimp_cmd.tlog\link.command.1.tlog
d:\jordan\documents\cse167\build\tools\assimp_cmd\assimp_cmd.dir\debug\assimp_cmd.tlog\link.read.1.tlog
d:\jordan\documents\cse167\build\tools\assimp_cmd\assimp_cmd.dir\debug\assimp_cmd.tlog\link.write.1.tlog
d:\jordan\documents\cse167\build\tools\assimp_cmd\assimp_cmd.dir\debug\assimp_cmd.tlog\rc.command.1.tlog
d:\jordan\documents\cse167\build\tools\assimp_cmd\assimp_cmd.dir\debug\assimp_cmd.tlog\rc.read.1.tlog
d:\jordan\documents\cse167\build\tools\assimp_cmd\assimp_cmd.dir\debug\assimp_cmd.tlog\rc.write.1.tlog
