d:\jordan\documents\cse167\build\contrib\zlib\zlib.dir\debug\gzread.obj
d:\jordan\documents\cse167\build\contrib\zlib\zlib.dir\debug\trees.obj
d:\jordan\documents\cse167\build\contrib\zlib\zlib.dir\debug\gzwrite.obj
d:\jordan\documents\cse167\build\contrib\zlib\zlib.dir\debug\adler32.obj
d:\jordan\documents\cse167\build\contrib\zlib\zlib.dir\debug\infback.obj
d:\jordan\documents\cse167\build\contrib\zlib\zlib.dir\debug\compress.obj
d:\jordan\documents\cse167\build\contrib\zlib\zlib.dir\debug\inffast.obj
d:\jordan\documents\cse167\build\contrib\zlib\zlib.dir\debug\gzclose.obj
d:\jordan\documents\cse167\build\contrib\zlib\zlib.dir\debug\inftrees.obj
d:\jordan\documents\cse167\build\contrib\zlib\zlib.dir\debug\deflate.obj
d:\jordan\documents\cse167\build\contrib\zlib\zlib.dir\debug\zutil.obj
d:\jordan\documents\cse167\build\contrib\zlib\zlib.dir\debug\gzlib.obj
d:\jordan\documents\cse167\build\contrib\zlib\zlib.dir\debug\inflate.obj
d:\jordan\documents\cse167\build\contrib\zlib\zlib.dir\debug\crc32.obj
d:\jordan\documents\cse167\build\contrib\zlib\zlib.dir\debug\uncompr.obj
d:\jordan\documents\cse167\build\contrib\zlib\zlib.dir\debug\vc142.pdb
d:\jordan\documents\cse167\build\contrib\zlib\cmakefiles\generate.stamp
d:\jordan\documents\cse167\build\contrib\zlib\debug\zlibd.ilk
d:\jordan\documents\cse167\build\contrib\zlib\debug\zlibd.dll
d:\jordan\documents\cse167\build\contrib\zlib\debug\zlibd.pdb
d:\jordan\documents\cse167\build\contrib\zlib\zlib.dir\debug\zlib1.res
d:\jordan\documents\cse167\build\contrib\zlib\debug\zlibd.lib
d:\jordan\documents\cse167\build\contrib\zlib\debug\zlibd.exp
d:\jordan\documents\cse167\build\contrib\zlib\zlib.dir\debug\zlib.tlog\cl.40468.write.1.tlog
d:\jordan\documents\cse167\build\contrib\zlib\zlib.dir\debug\zlib.tlog\cl.command.1.tlog
d:\jordan\documents\cse167\build\contrib\zlib\zlib.dir\debug\zlib.tlog\cl.read.1.tlog
d:\jordan\documents\cse167\build\contrib\zlib\zlib.dir\debug\zlib.tlog\custombuild.command.1.tlog
d:\jordan\documents\cse167\build\contrib\zlib\zlib.dir\debug\zlib.tlog\custombuild.read.1.tlog
d:\jordan\documents\cse167\build\contrib\zlib\zlib.dir\debug\zlib.tlog\custombuild.write.1.tlog
d:\jordan\documents\cse167\build\contrib\zlib\zlib.dir\debug\zlib.tlog\link.command.1.tlog
d:\jordan\documents\cse167\build\contrib\zlib\zlib.dir\debug\zlib.tlog\link.read.1.tlog
d:\jordan\documents\cse167\build\contrib\zlib\zlib.dir\debug\zlib.tlog\link.write.1.tlog
d:\jordan\documents\cse167\build\contrib\zlib\zlib.dir\debug\zlib.tlog\rc.command.1.tlog
d:\jordan\documents\cse167\build\contrib\zlib\zlib.dir\debug\zlib.tlog\rc.read.1.tlog
d:\jordan\documents\cse167\build\contrib\zlib\zlib.dir\debug\zlib.tlog\rc.write.1.tlog
d:\jordan\documents\cse167\build\contrib\zlib\zlib.dir\debug\zlib.tlog\zlib.write.1u.tlog
