d:\jordan\documents\cse167\cse167-final\x64\release\vc142.pdb
d:\jordan\documents\cse167\cse167-final\x64\release\window.obj
d:\jordan\documents\cse167\cse167-final\x64\release\transform.obj
d:\jordan\documents\cse167\cse167-final\x64\release\stb_image.obj
d:\jordan\documents\cse167\cse167-final\x64\release\shader.obj
d:\jordan\documents\cse167\cse167-final\x64\release\model.obj
d:\jordan\documents\cse167\cse167-final\x64\release\mesh.obj
d:\jordan\documents\cse167\cse167-final\x64\release\main.obj
d:\jordan\documents\cse167\cse167-final\x64\release\geometry.obj
d:\jordan\documents\cse167\cse167-final\x64\release\lightsource.obj
d:\jordan\documents\cse167\cse167-final\x64\release\final.pdb
d:\jordan\documents\cse167\cse167-final\x64\release\final.tlog\cl.command.1.tlog
d:\jordan\documents\cse167\cse167-final\x64\release\final.tlog\cl.read.1.tlog
d:\jordan\documents\cse167\cse167-final\x64\release\final.tlog\cl.write.1.tlog
d:\jordan\documents\cse167\cse167-final\x64\release\final.tlog\link-cvtres.read.1.tlog
d:\jordan\documents\cse167\cse167-final\x64\release\final.tlog\link-cvtres.write.1.tlog
d:\jordan\documents\cse167\cse167-final\x64\release\final.tlog\link-rc.read.1.tlog
d:\jordan\documents\cse167\cse167-final\x64\release\final.tlog\link-rc.write.1.tlog
d:\jordan\documents\cse167\cse167-final\x64\release\final.tlog\link.33356-cvtres.read.1.tlog
d:\jordan\documents\cse167\cse167-final\x64\release\final.tlog\link.33356-cvtres.write.1.tlog
d:\jordan\documents\cse167\cse167-final\x64\release\final.tlog\link.33356-rc.read.1.tlog
d:\jordan\documents\cse167\cse167-final\x64\release\final.tlog\link.33356-rc.write.1.tlog
d:\jordan\documents\cse167\cse167-final\x64\release\final.tlog\link.33356.delete.1.tlog
d:\jordan\documents\cse167\cse167-final\x64\release\final.tlog\link.33356.read.1.tlog
d:\jordan\documents\cse167\cse167-final\x64\release\final.tlog\link.33356.write.1.tlog
d:\jordan\documents\cse167\cse167-final\x64\release\final.tlog\link.42640.delete.1.tlog
d:\jordan\documents\cse167\cse167-final\x64\release\final.tlog\link.49976.delete.1.tlog
d:\jordan\documents\cse167\cse167-final\x64\release\final.tlog\link.53740.delete.1.tlog
d:\jordan\documents\cse167\cse167-final\x64\release\final.tlog\link.command.1.tlog
d:\jordan\documents\cse167\cse167-final\x64\release\final.tlog\link.delete.1.tlog
d:\jordan\documents\cse167\cse167-final\x64\release\final.tlog\link.read.1.tlog
d:\jordan\documents\cse167\cse167-final\x64\release\final.tlog\link.write.1.tlog
